2018-12-11 10:31:35.442 - INFO  [           main] c.s.AbstractApplicationContext : Refreshing org.springframework.context.annotation.AnnotationConfigApplicationContext@3116c353: startup date [Tue Dec 11 10:31:35 CST 2018]; root of context hierarchy
2018-12-11 10:31:35.590 - INFO  [           main] redAnnotationBeanPostProcessor : JSR-330 'javax.inject.Inject' annotation found and supported for autowiring
2018-12-11 10:31:35.610 - INFO  [           main] egate$BeanPostProcessorChecker : Bean 'configurationPropertiesRebinderAutoConfiguration' of type [org.springframework.cloud.autoconfigure.ConfigurationPropertiesRebinderAutoConfiguration$$EnhancerBySpringCGLIB$$e1fe29e9] is not eligible for getting processed by all BeanPostProcessors (for example: not eligible for auto-proxying)
2018-12-11 10:31:36.933 - INFO  [           main] o.s.b.SpringApplication        : No active profile set, falling back to default profiles: default
2018-12-11 10:31:36.941 - INFO  [           main] c.s.AbstractApplicationContext : Refreshing org.springframework.boot.web.servlet.context.AnnotationConfigServletWebServerApplicationContext@11eadcba: startup date [Tue Dec 11 10:31:36 CST 2018]; parent: org.springframework.context.annotation.AnnotationConfigApplicationContext@3116c353
2018-12-11 10:31:37.665 - INFO  [           main] o.s.c.c.s.GenericScope         : BeanFactory id=596e27ce-26e4-3762-b7d2-2187d6f2a5fe
2018-12-11 10:31:37.677 - INFO  [           main] redAnnotationBeanPostProcessor : JSR-330 'javax.inject.Inject' annotation found and supported for autowiring
2018-12-11 10:31:37.752 - INFO  [           main] egate$BeanPostProcessorChecker : Bean 'org.springframework.transaction.annotation.ProxyTransactionManagementConfiguration' of type [org.springframework.transaction.annotation.ProxyTransactionManagementConfiguration$$EnhancerBySpringCGLIB$$c5e426ec] is not eligible for getting processed by all BeanPostProcessors (for example: not eligible for auto-proxying)
2018-12-11 10:31:37.773 - INFO  [           main] egate$BeanPostProcessorChecker : Bean 'org.springframework.cloud.autoconfigure.ConfigurationPropertiesRebinderAutoConfiguration' of type [org.springframework.cloud.autoconfigure.ConfigurationPropertiesRebinderAutoConfiguration$$EnhancerBySpringCGLIB$$e1fe29e9] is not eligible for getting processed by all BeanPostProcessors (for example: not eligible for auto-proxying)
2018-12-11 10:31:38.196 - INFO  [           main] o.s.b.w.e.t.TomcatWebServer    : Tomcat initialized with port(s): 8081 (http)
2018-12-11 10:31:38.214 - INFO  [           main] o.a.j.l.DirectJDKLog           : Initializing ProtocolHandler ["http-nio-8081"]
2018-12-11 10:31:38.228 - INFO  [           main] o.a.j.l.DirectJDKLog           : Starting service [Tomcat]
2018-12-11 10:31:38.228 - INFO  [           main] o.a.j.l.DirectJDKLog           : Starting Servlet Engine: Apache Tomcat/8.5.35
2018-12-11 10:31:38.233 - INFO  [ost-startStop-1] o.a.j.l.DirectJDKLog           : The APR based Apache Tomcat Native library which allows optimal performance in production environments was not found on the java.library.path: [E:\Program Files\JAVA\Java8\jdk1.8\bin;C:\WINDOWS\Sun\Java\bin;C:\WINDOWS\system32;C:\WINDOWS;E:/Program Files/JAVA/Java8/jdk1.8/bin/../jre/bin/server;E:/Program Files/JAVA/Java8/jdk1.8/bin/../jre/bin;E:/Program Files/JAVA/Java8/jdk1.8/bin/../jre/lib/amd64;D:\oracle\11g\product\11.2.0\dbhome_1\bin;C:\Program Files (x86)\Intel\Intel(R) Management Engine Components\iCLS\;C:\Program Files\Intel\Intel(R) Management Engine Components\iCLS\;C:\Windows\system32;C:\Windows;C:\Windows\System32\Wbem;C:\Windows\System32\WindowsPowerShell\v1.0\;C:\Program Files (x86)\Intel\Intel(R) Management Engine Components\DAL;C:\Program Files\Intel\Intel(R) Management Engine Components\DAL;C:\Program Files (x86)\Intel\Intel(R) Management Engine Components\IPT;C:\Program Files\Intel\Intel(R) Management Engine Components\IPT;C:\Program Files (x86)\NVIDIA Corporation\PhysX\Common;E:\Program Files\JAVA\Java8\jdk1.8\bin;E:\Program Files\JAVA\Java8\jdk1.8\jre\bin;E:\Program Files\TortoiseSVN\bin;D:\maven\maven-3.0.3\bin;C:\WINDOWS\system32;C:\WINDOWS;C:\WINDOWS\System32\Wbem;C:\WINDOWS\System32\WindowsPowerShell\v1.0\;C:\WINDOWS\System32\OpenSSH\;D:\gradle\gradle-4.10.2\bin;C:\Users\forest\AppData\Local\Microsoft\WindowsApps;;D:\sts-bundle\sts-3.9.6.RELEASE;;.]
2018-12-11 10:31:38.356 - INFO  [ost-startStop-1] o.a.j.l.DirectJDKLog           : Initializing Spring embedded WebApplicationContext
2018-12-11 10:31:38.356 - INFO  [ost-startStop-1] letWebServerApplicationContext : Root WebApplicationContext: initialization completed in 1415 ms
2018-12-11 10:31:38.545 - WARN  [ost-startStop-1] c.n.c.s.URLConfigurationSource : No URLs will be polled as dynamic configuration sources.
2018-12-11 10:31:38.545 - INFO  [ost-startStop-1] c.n.c.s.URLConfigurationSource : To enable URLs as dynamic configuration sources, define System property archaius.configurationSource.additionalUrls or make config.properties available on classpath.
2018-12-11 10:31:38.554 - INFO  [ost-startStop-1] c.n.c.DynamicPropertyFactory   : DynamicPropertyFactory is initialized with configuration sources: com.netflix.config.ConcurrentCompositeConfiguration@5c28e6bc
2018-12-11 10:31:38.699 - INFO  [ost-startStop-1] a.DruidDataSourceAutoConfigure : Init DruidDataSource
2018-12-11 10:31:39.406 - INFO  [ost-startStop-1] c.a.d.p.DruidDataSource        : {dataSource-1} inited
2018-12-11 10:31:40.742 - INFO  [ost-startStop-1] o.s.c.c.u.InetUtils            : Cannot determine local hostname
2018-12-11 10:31:42.033 - INFO  [ost-startStop-1] o.s.c.c.u.InetUtils            : Cannot determine local hostname
2018-12-11 10:31:42.424 - INFO  [ost-startStop-1] AbstractFilterRegistrationBean : Mapping filter: 'characterEncodingFilter' to: [/*]
2018-12-11 10:31:42.424 - INFO  [ost-startStop-1] AbstractFilterRegistrationBean : Mapping filter: 'webMvcMetricsFilter' to: [/*]
2018-12-11 10:31:42.424 - INFO  [ost-startStop-1] AbstractFilterRegistrationBean : Mapping filter: 'hiddenHttpMethodFilter' to: [/*]
2018-12-11 10:31:42.424 - INFO  [ost-startStop-1] AbstractFilterRegistrationBean : Mapping filter: 'httpPutFormContentFilter' to: [/*]
2018-12-11 10:31:42.424 - INFO  [ost-startStop-1] AbstractFilterRegistrationBean : Mapping filter: 'requestContextFilter' to: [/*]
2018-12-11 10:31:42.424 - INFO  [ost-startStop-1] AbstractFilterRegistrationBean : Mapping filter: 'httpTraceFilter' to: [/*]
2018-12-11 10:31:42.425 - INFO  [ost-startStop-1] AbstractFilterRegistrationBean : Mapping filter: 'webStatFilter' to urls: [/*]
2018-12-11 10:31:42.425 - INFO  [ost-startStop-1] AbstractFilterRegistrationBean : Mapping filter: 'corsFilter' to: [/*]
2018-12-11 10:31:42.425 - INFO  [ost-startStop-1] .b.w.s.ServletRegistrationBean : Servlet dispatcherServlet mapped to [/]
2018-12-11 10:31:42.426 - INFO  [ost-startStop-1] .b.w.s.ServletRegistrationBean : Servlet statViewServlet mapped to [/druid/*]
2018-12-11 10:31:42.869 - WARN  [           main] c.n.c.s.URLConfigurationSource : No URLs will be polled as dynamic configuration sources.
2018-12-11 10:31:42.869 - INFO  [           main] c.n.c.s.URLConfigurationSource : To enable URLs as dynamic configuration sources, define System property archaius.configurationSource.additionalUrls or make config.properties available on classpath.
2018-12-11 10:31:42.915 - INFO  [           main] .s.h.AbstractUrlHandlerMapping : Mapped URL path [/**/favicon.ico] onto handler of type [class org.springframework.web.servlet.resource.ResourceHttpRequestHandler]
2018-12-11 10:31:43.053 - INFO  [           main] a.RequestMappingHandlerAdapter : Looking for @ControllerAdvice: org.springframework.boot.web.servlet.context.AnnotationConfigServletWebServerApplicationContext@11eadcba: startup date [Tue Dec 11 10:31:36 CST 2018]; parent: org.springframework.context.annotation.AnnotationConfigApplicationContext@3116c353
2018-12-11 10:31:43.094 - INFO  [           main] rMethodMapping$MappingRegistry : Mapped "{[/demo/export],methods=[GET]}" onto public com.forest.common.utils.CommonResult com.forest.api.webapi.DemoController.hello(javax.servlet.http.HttpServletResponse) throws java.lang.InterruptedException,java.io.IOException
2018-12-11 10:31:43.094 - INFO  [           main] rMethodMapping$MappingRegistry : Mapped "{[/demo/hello],methods=[GET]}" onto public com.forest.common.utils.CommonResult com.forest.api.webapi.DemoController.hello() throws java.lang.InterruptedException
2018-12-11 10:31:43.095 - INFO  [           main] rMethodMapping$MappingRegistry : Mapped "{[/demo/login],methods=[POST]}" onto public com.forest.common.utils.CommonResult com.forest.api.webapi.DemoController.login(javax.servlet.http.HttpServletResponse,com.forest.api.entity.AppUser) throws java.lang.InterruptedException
2018-12-11 10:31:43.096 - INFO  [           main] rMethodMapping$MappingRegistry : Mapped "{[/error]}" onto public org.springframework.http.ResponseEntity<java.util.Map<java.lang.String, java.lang.Object>> org.springframework.boot.autoconfigure.web.servlet.error.BasicErrorController.error(javax.servlet.http.HttpServletRequest)
2018-12-11 10:31:43.096 - INFO  [           main] rMethodMapping$MappingRegistry : Mapped "{[/error],produces=[text/html]}" onto public org.springframework.web.servlet.ModelAndView org.springframework.boot.autoconfigure.web.servlet.error.BasicErrorController.errorHtml(javax.servlet.http.HttpServletRequest,javax.servlet.http.HttpServletResponse)
2018-12-11 10:31:43.118 - INFO  [           main] .s.h.AbstractUrlHandlerMapping : Mapped URL path [/webjars/**] onto handler of type [class org.springframework.web.servlet.resource.ResourceHttpRequestHandler]
2018-12-11 10:31:43.118 - INFO  [           main] .s.h.AbstractUrlHandlerMapping : Mapped URL path [/**] onto handler of type [class org.springframework.web.servlet.resource.ResourceHttpRequestHandler]
2018-12-11 10:31:43.131 - INFO  [           main] eptionHandlerExceptionResolver : Detected @ExceptionHandler methods in globalExceptionHandler
2018-12-11 10:31:43.584 - INFO  [           main] .b.a.e.w.EndpointLinksResolver : Exposing 18 endpoint(s) beneath base path '/actuator'
2018-12-11 10:31:43.593 - INFO  [           main] rMethodMapping$MappingRegistry : Mapped "{[/actuator/archaius],methods=[GET],produces=[application/vnd.spring-boot.actuator.v2+json || application/json]}" onto public java.lang.Object org.springframework.boot.actuate.endpoint.web.servlet.AbstractWebMvcEndpointHandlerMapping$OperationHandler.handle(javax.servlet.http.HttpServletRequest,java.util.Map<java.lang.String, java.lang.String>)
2018-12-11 10:31:43.594 - INFO  [           main] rMethodMapping$MappingRegistry : Mapped "{[/actuator/auditevents],methods=[GET],produces=[application/vnd.spring-boot.actuator.v2+json || application/json]}" onto public java.lang.Object org.springframework.boot.actuate.endpoint.web.servlet.AbstractWebMvcEndpointHandlerMapping$OperationHandler.handle(javax.servlet.http.HttpServletRequest,java.util.Map<java.lang.String, java.lang.String>)
2018-12-11 10:31:43.594 - INFO  [           main] rMethodMapping$MappingRegistry : Mapped "{[/actuator/beans],methods=[GET],produces=[application/vnd.spring-boot.actuator.v2+json || application/json]}" onto public java.lang.Object org.springframework.boot.actuate.endpoint.web.servlet.AbstractWebMvcEndpointHandlerMapping$OperationHandler.handle(javax.servlet.http.HttpServletRequest,java.util.Map<java.lang.String, java.lang.String>)
2018-12-11 10:31:43.594 - INFO  [           main] rMethodMapping$MappingRegistry : Mapped "{[/actuator/health],methods=[GET],produces=[application/vnd.spring-boot.actuator.v2+json || application/json]}" onto public java.lang.Object org.springframework.boot.actuate.endpoint.web.servlet.AbstractWebMvcEndpointHandlerMapping$OperationHandler.handle(javax.servlet.http.HttpServletRequest,java.util.Map<java.lang.String, java.lang.String>)
2018-12-11 10:31:43.594 - INFO  [           main] rMethodMapping$MappingRegistry : Mapped "{[/actuator/conditions],methods=[GET],produces=[application/vnd.spring-boot.actuator.v2+json || application/json]}" onto public java.lang.Object org.springframework.boot.actuate.endpoint.web.servlet.AbstractWebMvcEndpointHandlerMapping$OperationHandler.handle(javax.servlet.http.HttpServletRequest,java.util.Map<java.lang.String, java.lang.String>)
2018-12-11 10:31:43.595 - INFO  [           main] rMethodMapping$MappingRegistry : Mapped "{[/actuator/configprops],methods=[GET],produces=[application/vnd.spring-boot.actuator.v2+json || application/json]}" onto public java.lang.Object org.springframework.boot.actuate.endpoint.web.servlet.AbstractWebMvcEndpointHandlerMapping$OperationHandler.handle(javax.servlet.http.HttpServletRequest,java.util.Map<java.lang.String, java.lang.String>)
2018-12-11 10:31:43.595 - INFO  [           main] rMethodMapping$MappingRegistry : Mapped "{[/actuator/env],methods=[GET],produces=[application/vnd.spring-boot.actuator.v2+json || application/json]}" onto public java.lang.Object org.springframework.boot.actuate.endpoint.web.servlet.AbstractWebMvcEndpointHandlerMapping$OperationHandler.handle(javax.servlet.http.HttpServletRequest,java.util.Map<java.lang.String, java.lang.String>)
2018-12-11 10:31:43.595 - INFO  [           main] rMethodMapping$MappingRegistry : Mapped "{[/actuator/env/{toMatch}],methods=[GET],produces=[application/vnd.spring-boot.actuator.v2+json || application/json]}" onto public java.lang.Object org.springframework.boot.actuate.endpoint.web.servlet.AbstractWebMvcEndpointHandlerMapping$OperationHandler.handle(javax.servlet.http.HttpServletRequest,java.util.Map<java.lang.String, java.lang.String>)
2018-12-11 10:31:43.596 - INFO  [           main] rMethodMapping$MappingRegistry : Mapped "{[/actuator/env],methods=[POST],consumes=[application/vnd.spring-boot.actuator.v2+json || application/json],produces=[application/vnd.spring-boot.actuator.v2+json || application/json]}" onto public java.lang.Object org.springframework.boot.actuate.endpoint.web.servlet.AbstractWebMvcEndpointHandlerMapping$OperationHandler.handle(javax.servlet.http.HttpServletRequest,java.util.Map<java.lang.String, java.lang.String>)
2018-12-11 10:31:43.596 - INFO  [           main] rMethodMapping$MappingRegistry : Mapped "{[/actuator/env],methods=[DELETE],produces=[application/vnd.spring-boot.actuator.v2+json || application/json]}" onto public java.lang.Object org.springframework.boot.actuate.endpoint.web.servlet.AbstractWebMvcEndpointHandlerMapping$OperationHandler.handle(javax.servlet.http.HttpServletRequest,java.util.Map<java.lang.String, java.lang.String>)
2018-12-11 10:31:43.596 - INFO  [           main] rMethodMapping$MappingRegistry : Mapped "{[/actuator/info],methods=[GET],produces=[application/vnd.spring-boot.actuator.v2+json || application/json]}" onto public java.lang.Object org.springframework.boot.actuate.endpoint.web.servlet.AbstractWebMvcEndpointHandlerMapping$OperationHandler.handle(javax.servlet.http.HttpServletRequest,java.util.Map<java.lang.String, java.lang.String>)
2018-12-11 10:31:43.596 - INFO  [           main] rMethodMapping$MappingRegistry : Mapped "{[/actuator/loggers],methods=[GET],produces=[application/vnd.spring-boot.actuator.v2+json || application/json]}" onto public java.lang.Object org.springframework.boot.actuate.endpoint.web.servlet.AbstractWebMvcEndpointHandlerMapping$OperationHandler.handle(javax.servlet.http.HttpServletRequest,java.util.Map<java.lang.String, java.lang.String>)
2018-12-11 10:31:43.596 - INFO  [           main] rMethodMapping$MappingRegistry : Mapped "{[/actuator/loggers/{name}],methods=[GET],produces=[application/vnd.spring-boot.actuator.v2+json || application/json]}" onto public java.lang.Object org.springframework.boot.actuate.endpoint.web.servlet.AbstractWebMvcEndpointHandlerMapping$OperationHandler.handle(javax.servlet.http.HttpServletRequest,java.util.Map<java.lang.String, java.lang.String>)
2018-12-11 10:31:43.597 - INFO  [           main] rMethodMapping$MappingRegistry : Mapped "{[/actuator/loggers/{name}],methods=[POST],consumes=[application/vnd.spring-boot.actuator.v2+json || application/json]}" onto public java.lang.Object org.springframework.boot.actuate.endpoint.web.servlet.AbstractWebMvcEndpointHandlerMapping$OperationHandler.handle(javax.servlet.http.HttpServletRequest,java.util.Map<java.lang.String, java.lang.String>)
2018-12-11 10:31:43.597 - INFO  [           main] rMethodMapping$MappingRegistry : Mapped "{[/actuator/heapdump],methods=[GET],produces=[application/octet-stream]}" onto public java.lang.Object org.springframework.boot.actuate.endpoint.web.servlet.AbstractWebMvcEndpointHandlerMapping$OperationHandler.handle(javax.servlet.http.HttpServletRequest,java.util.Map<java.lang.String, java.lang.String>)
2018-12-11 10:31:43.597 - INFO  [           main] rMethodMapping$MappingRegistry : Mapped "{[/actuator/threaddump],methods=[GET],produces=[application/vnd.spring-boot.actuator.v2+json || application/json]}" onto public java.lang.Object org.springframework.boot.actuate.endpoint.web.servlet.AbstractWebMvcEndpointHandlerMapping$OperationHandler.handle(javax.servlet.http.HttpServletRequest,java.util.Map<java.lang.String, java.lang.String>)
2018-12-11 10:31:43.597 - INFO  [           main] rMethodMapping$MappingRegistry : Mapped "{[/actuator/metrics],methods=[GET],produces=[application/vnd.spring-boot.actuator.v2+json || application/json]}" onto public java.lang.Object org.springframework.boot.actuate.endpoint.web.servlet.AbstractWebMvcEndpointHandlerMapping$OperationHandler.handle(javax.servlet.http.HttpServletRequest,java.util.Map<java.lang.String, java.lang.String>)
2018-12-11 10:31:43.597 - INFO  [           main] rMethodMapping$MappingRegistry : Mapped "{[/actuator/metrics/{requiredMetricName}],methods=[GET],produces=[application/vnd.spring-boot.actuator.v2+json || application/json]}" onto public java.lang.Object org.springframework.boot.actuate.endpoint.web.servlet.AbstractWebMvcEndpointHandlerMapping$OperationHandler.handle(javax.servlet.http.HttpServletRequest,java.util.Map<java.lang.String, java.lang.String>)
2018-12-11 10:31:43.598 - INFO  [           main] rMethodMapping$MappingRegistry : Mapped "{[/actuator/scheduledtasks],methods=[GET],produces=[application/vnd.spring-boot.actuator.v2+json || application/json]}" onto public java.lang.Object org.springframework.boot.actuate.endpoint.web.servlet.AbstractWebMvcEndpointHandlerMapping$OperationHandler.handle(javax.servlet.http.HttpServletRequest,java.util.Map<java.lang.String, java.lang.String>)
2018-12-11 10:31:43.598 - INFO  [           main] rMethodMapping$MappingRegistry : Mapped "{[/actuator/httptrace],methods=[GET],produces=[application/vnd.spring-boot.actuator.v2+json || application/json]}" onto public java.lang.Object org.springframework.boot.actuate.endpoint.web.servlet.AbstractWebMvcEndpointHandlerMapping$OperationHandler.handle(javax.servlet.http.HttpServletRequest,java.util.Map<java.lang.String, java.lang.String>)
2018-12-11 10:31:43.598 - INFO  [           main] rMethodMapping$MappingRegistry : Mapped "{[/actuator/mappings],methods=[GET],produces=[application/vnd.spring-boot.actuator.v2+json || application/json]}" onto public java.lang.Object org.springframework.boot.actuate.endpoint.web.servlet.AbstractWebMvcEndpointHandlerMapping$OperationHandler.handle(javax.servlet.http.HttpServletRequest,java.util.Map<java.lang.String, java.lang.String>)
2018-12-11 10:31:43.598 - INFO  [           main] rMethodMapping$MappingRegistry : Mapped "{[/actuator/refresh],methods=[POST],produces=[application/vnd.spring-boot.actuator.v2+json || application/json]}" onto public java.lang.Object org.springframework.boot.actuate.endpoint.web.servlet.AbstractWebMvcEndpointHandlerMapping$OperationHandler.handle(javax.servlet.http.HttpServletRequest,java.util.Map<java.lang.String, java.lang.String>)
2018-12-11 10:31:43.598 - INFO  [           main] rMethodMapping$MappingRegistry : Mapped "{[/actuator/features],methods=[GET],produces=[application/vnd.spring-boot.actuator.v2+json || application/json]}" onto public java.lang.Object org.springframework.boot.actuate.endpoint.web.servlet.AbstractWebMvcEndpointHandlerMapping$OperationHandler.handle(javax.servlet.http.HttpServletRequest,java.util.Map<java.lang.String, java.lang.String>)
2018-12-11 10:31:43.598 - INFO  [           main] rMethodMapping$MappingRegistry : Mapped "{[/actuator/service-registry],methods=[GET],produces=[application/vnd.spring-boot.actuator.v2+json || application/json]}" onto public java.lang.Object org.springframework.boot.actuate.endpoint.web.servlet.AbstractWebMvcEndpointHandlerMapping$OperationHandler.handle(javax.servlet.http.HttpServletRequest,java.util.Map<java.lang.String, java.lang.String>)
2018-12-11 10:31:43.599 - INFO  [           main] rMethodMapping$MappingRegistry : Mapped "{[/actuator/service-registry],methods=[POST],consumes=[application/vnd.spring-boot.actuator.v2+json || application/json],produces=[application/vnd.spring-boot.actuator.v2+json || application/json]}" onto public java.lang.Object org.springframework.boot.actuate.endpoint.web.servlet.AbstractWebMvcEndpointHandlerMapping$OperationHandler.handle(javax.servlet.http.HttpServletRequest,java.util.Map<java.lang.String, java.lang.String>)
2018-12-11 10:31:43.599 - INFO  [           main] rMethodMapping$MappingRegistry : Mapped "{[/actuator],methods=[GET],produces=[application/vnd.spring-boot.actuator.v2+json || application/json]}" onto protected java.util.Map<java.lang.String, java.util.Map<java.lang.String, org.springframework.boot.actuate.endpoint.web.Link>> org.springframework.boot.actuate.endpoint.web.servlet.WebMvcEndpointHandlerMapping.links(javax.servlet.http.HttpServletRequest,javax.servlet.http.HttpServletResponse)
2018-12-11 10:31:43.640 - INFO  [           main] o.s.j.e.MBeanExporter          : Registering beans for JMX exposure on startup
2018-12-11 10:31:43.641 - INFO  [           main] o.s.j.e.MBeanExporter          : Bean with name 'statFilter' has been autodetected for JMX exposure
2018-12-11 10:31:43.641 - INFO  [           main] o.s.j.e.MBeanExporter          : Bean with name 'dataSource' has been autodetected for JMX exposure
2018-12-11 10:31:43.646 - INFO  [           main] o.s.j.e.MBeanExporter          : Bean with name 'environmentManager' has been autodetected for JMX exposure
2018-12-11 10:31:43.647 - INFO  [           main] o.s.j.e.MBeanExporter          : Bean with name 'refreshScope' has been autodetected for JMX exposure
2018-12-11 10:31:43.648 - INFO  [           main] o.s.j.e.MBeanExporter          : Bean with name 'configurationPropertiesRebinder' has been autodetected for JMX exposure
2018-12-11 10:31:43.650 - INFO  [           main] o.s.j.e.MBeanExporter          : Located managed bean 'environmentManager': registering with JMX server as MBean [org.springframework.cloud.context.environment:name=environmentManager,type=EnvironmentManager]
2018-12-11 10:31:43.658 - INFO  [           main] o.s.j.e.MBeanExporter          : Located managed bean 'refreshScope': registering with JMX server as MBean [org.springframework.cloud.context.scope.refresh:name=refreshScope,type=RefreshScope]
2018-12-11 10:31:43.665 - INFO  [           main] o.s.j.e.MBeanExporter          : Located managed bean 'configurationPropertiesRebinder': registering with JMX server as MBean [org.springframework.cloud.context.properties:name=configurationPropertiesRebinder,context=11eadcba,type=ConfigurationPropertiesRebinder]
2018-12-11 10:31:43.669 - INFO  [           main] o.s.j.e.MBeanExporter          : Located MBean 'dataSource': registering with JMX server as MBean [com.alibaba.druid.spring.boot.autoconfigure:name=dataSource,type=DruidDataSourceWrapper]
2018-12-11 10:31:43.670 - INFO  [           main] o.s.j.e.MBeanExporter          : Located MBean 'statFilter': registering with JMX server as MBean [com.alibaba.druid.filter.stat:name=statFilter,type=StatFilter]
2018-12-11 10:31:43.674 - INFO  [           main] ecycleProcessor$LifecycleGroup : Starting beans in phase 0
2018-12-11 10:31:43.685 - INFO  [           main] o.s.c.n.e.InstanceInfoFactory  : Setting initial instance status as: STARTING
2018-12-11 10:31:43.711 - INFO  [           main] c.n.d.DiscoveryClient          : Initializing Eureka in region us-east-1
2018-12-11 10:31:44.045 - INFO  [           main] .n.d.p.DiscoveryJerseyProvider : Using JSON encoding codec LegacyJacksonJson
2018-12-11 10:31:44.045 - INFO  [           main] .n.d.p.DiscoveryJerseyProvider : Using JSON decoding codec LegacyJacksonJson
2018-12-11 10:31:44.218 - INFO  [           main] .n.d.p.DiscoveryJerseyProvider : Using XML encoding codec XStreamXml
2018-12-11 10:31:44.218 - INFO  [           main] .n.d.p.DiscoveryJerseyProvider : Using XML decoding codec XStreamXml
2018-12-11 10:31:44.399 - INFO  [           main] .d.s.r.a.ConfigClusterResolver : Resolving eureka endpoints via configuration
2018-12-11 10:31:44.562 - INFO  [           main] c.n.d.DiscoveryClient          : Disable delta property : false
2018-12-11 10:31:44.562 - INFO  [           main] c.n.d.DiscoveryClient          : Single vip registry refresh property : null
2018-12-11 10:31:44.563 - INFO  [           main] c.n.d.DiscoveryClient          : Force full registry fetch : false
2018-12-11 10:31:44.563 - INFO  [           main] c.n.d.DiscoveryClient          : Application is null : false
2018-12-11 10:31:44.563 - INFO  [           main] c.n.d.DiscoveryClient          : Registered Applications size is zero : true
2018-12-11 10:31:44.563 - INFO  [           main] c.n.d.DiscoveryClient          : Application version is -1: true
2018-12-11 10:31:44.563 - INFO  [           main] c.n.d.DiscoveryClient          : Getting all instance registry info from the eureka server
2018-12-11 10:31:44.654 - INFO  [           main] c.n.d.DiscoveryClient          : The response status is 200
2018-12-11 10:31:44.656 - INFO  [           main] c.n.d.DiscoveryClient          : Starting heartbeat executor: renew interval is: 10
2018-12-11 10:31:44.658 - INFO  [           main] c.n.d.InstanceInfoReplicator   : InstanceInfoReplicator onDemand update allowed rate per min is 4
2018-12-11 10:31:44.663 - INFO  [           main] c.n.d.DiscoveryClient          : Discovery Client initialized at timestamp 1544495504659 with initial instances count: 0
2018-12-11 10:31:44.666 - INFO  [           main] .c.n.e.s.EurekaServiceRegistry : Registering application FOREST-API with eureka with status UP
2018-12-11 10:31:44.666 - INFO  [           main] c.n.d.DiscoveryClient$3        : Saw local status change event StatusChangeEvent [timestamp=1544495504666, current=UP, previous=STARTING]
2018-12-11 10:31:44.667 - INFO  [nfoReplicator-0] c.n.d.DiscoveryClient          : DiscoveryClient_FOREST-API/localhost:forest-api:8081: registering service...
2018-12-11 10:31:44.679 - INFO  [           main] o.a.j.l.DirectJDKLog           : Starting ProtocolHandler ["http-nio-8081"]
2018-12-11 10:31:44.696 - INFO  [           main] o.a.j.l.DirectJDKLog           : Using a shared selector for servlet write/read
2018-12-11 10:31:44.713 - INFO  [           main] o.s.b.w.e.t.TomcatWebServer    : Tomcat started on port(s): 8081 (http) with context path ''
2018-12-11 10:31:44.714 - INFO  [           main] .EurekaAutoServiceRegistration : Updating port to 8081
2018-12-11 10:31:44.715 - INFO  [nfoReplicator-0] c.n.d.DiscoveryClient          : DiscoveryClient_FOREST-API/localhost:forest-api:8081 - registration status: 204
2018-12-11 10:31:44.716 - INFO  [           main] o.s.b.StartupInfoLogger        : Started ForestApplication in 10.976 seconds (JVM running for 12.523)
2018-12-11 10:31:49.382 - INFO  [on(7)-127.0.0.1] gistrar$SpringApplicationAdmin : Application shutdown requested.
2018-12-11 10:31:49.383 - INFO  [on(7)-127.0.0.1] c.s.AbstractApplicationContext : Closing org.springframework.boot.web.servlet.context.AnnotationConfigServletWebServerApplicationContext@11eadcba: startup date [Tue Dec 11 10:31:36 CST 2018]; parent: org.springframework.context.annotation.AnnotationConfigApplicationContext@3116c353
2018-12-11 10:31:49.383 - INFO  [on(7)-127.0.0.1] .c.n.e.s.EurekaServiceRegistry : Unregistering application FOREST-API with eureka with status DOWN
2018-12-11 10:31:49.384 - WARN  [on(7)-127.0.0.1] c.n.d.DiscoveryClient$3        : Saw local status change event StatusChangeEvent [timestamp=1544495509384, current=DOWN, previous=UP]
2018-12-11 10:31:49.384 - INFO  [nfoReplicator-0] c.n.d.DiscoveryClient          : DiscoveryClient_FOREST-API/localhost:forest-api:8081: registering service...
2018-12-11 10:31:49.385 - INFO  [on(7)-127.0.0.1] ecycleProcessor$LifecycleGroup : Stopping beans in phase 0
2018-12-11 10:31:49.387 - INFO  [on(7)-127.0.0.1] o.s.j.e.MBeanExporter          : Unregistering JMX-exposed beans on shutdown
2018-12-11 10:31:49.388 - INFO  [on(7)-127.0.0.1] s.j.s.MBeanRegistrationSupport : Unregistering JMX-exposed beans
2018-12-11 10:31:49.389 - INFO  [nfoReplicator-0] c.n.d.DiscoveryClient          : DiscoveryClient_FOREST-API/localhost:forest-api:8081 - registration status: 204
2018-12-11 10:31:49.423 - INFO  [on(7)-127.0.0.1] c.a.d.p.DruidDataSource        : {dataSource-1} closed
2018-12-11 10:31:49.426 - INFO  [on(7)-127.0.0.1] c.n.d.DiscoveryClient          : Shutting down DiscoveryClient ...
2018-12-11 10:31:49.429 - WARN  [on(7)-127.0.0.1] royAnnotationBeanPostProcessor : Invocation of destroy method failed on bean with name 'scopedTarget.eurekaClient': org.springframework.beans.factory.BeanCreationNotAllowedException: Error creating bean with name 'eurekaInstanceConfigBean': Singleton bean creation not allowed while singletons of this factory are in destruction (Do not request a bean from a BeanFactory in a destroy method implementation!)
2018-12-11 10:31:49.430 - INFO  [on(7)-127.0.0.1] o.a.j.l.DirectJDKLog           : Pausing ProtocolHandler ["http-nio-8081"]
2018-12-11 10:31:49.588 - INFO  [on(7)-127.0.0.1] o.a.j.l.DirectJDKLog           : Stopping service [Tomcat]
2018-12-11 10:31:49.592 - WARN  [ost-startStop-1] o.a.j.l.DirectJDKLog           : The web application [ROOT] appears to have started a thread named [OracleTimeoutPollingThread] but has failed to stop it. This is very likely to create a memory leak. Stack trace of thread:
 java.lang.Thread.sleep(Native Method)
 oracle.jdbc.driver.OracleTimeoutPollingThread.run(OracleTimeoutPollingThread.java:150)
2018-12-11 10:31:49.596 - INFO  [on(7)-127.0.0.1] o.a.j.l.DirectJDKLog           : Stopping ProtocolHandler ["http-nio-8081"]
2018-12-11 10:31:49.598 - INFO  [on(7)-127.0.0.1] o.a.j.l.DirectJDKLog           : Destroying ProtocolHandler ["http-nio-8081"]
